<?xml version="1.0" encoding="UTF-8"?>
<!-- Generated by org.testng.reporters.JUnitReportReporter -->
<testsuite hostname="DESKTOP-07J22P1" failures="0" tests="1" name="crm.ninja.hrm.projectTest.ProjectWithOnGoingTest" time="29.115" errors="0" timestamp="2024-08-14T13:31:49 IST" skipped="0">
  <testcase classname="crm.ninja.hrm.projectTest.ProjectWithOnGoingTest" name="addProjectWithOnGoingStatusTest" time="29.115"/>
  <system-out/>
</testsuite> <!-- crm.ninja.hrm.projectTest.ProjectWithOnGoingTest -->
